Using pre-set license
Built from '2021.1/release' branch; Version is '2021.1.0f1 (61a549675243) revision 6399305'; Using compiler version '192528614'; Build Type 'Release'
OS: 'Windows 10 Home; OS build 19042.985; Version 2009; 64bit' Language: 'ko' Physical Memory: 8051 MB
BatchMode: 1, IsHumanControllingUs: 0, StartBugReporterOnCrash: 0, Is64bit: 1, IsPro: 0

 COMMAND LINE ARGUMENTS:
C:\Program Files\Unity\Hub\Editor\2021.1.0f1\Editor\Unity.exe
-adb2
-batchMode
-noUpm
-name
AssetImportWorker2
-projectPath
C:/Users/rladp/OneDrive/바탕 화면/Survival
-logFile
Logs/AssetImportWorker2.log
-srvPort
61661
Successfully changed project path to: C:/Users/rladp/OneDrive/바탕 화면/Survival
C:/Users/rladp/OneDrive/바탕 화면/Survival
Using Asset Import Pipeline V2.
Refreshing native plugins compatible for Editor in 430.14 ms, found 1 plugins.
Preloading 0 native plugins for Editor in 0.00 ms.
Initialize engine version: 2021.1.0f1 (61a549675243)
[Subsystems] Discovering subsystems at path C:/Program Files/Unity/Hub/Editor/2021.1.0f1/Editor/Data/Resources/UnitySubsystems
[Subsystems] Discovering subsystems at path C:/Users/rladp/OneDrive/바탕 화면/Survival/Assets
GfxDevice: creating device client; threaded=0; jobified=0
Direct3D:
    Version:  Direct3D 11.0 [level 11.1]
    Renderer: Intel(R) HD Graphics 620 (ID=0x5916)
    Vendor:   Intel
    VRAM:     4025 MB
    Driver:   23.20.16.4849
Initialize mono
Mono path[0] = 'C:/Program Files/Unity/Hub/Editor/2021.1.0f1/Editor/Data/Managed'
Mono path[1] = 'C:/Program Files/Unity/Hub/Editor/2021.1.0f1/Editor/Data/MonoBleedingEdge/lib/mono/unityjit'
Mono config path = 'C:/Program Files/Unity/Hub/Editor/2021.1.0f1/Editor/Data/MonoBleedingEdge/etc'
Using monoOptions --debugger-agent=transport=dt_socket,embedding=1,server=y,suspend=n,address=127.0.0.1:56864
Begin MonoManager ReloadAssembly
Registering precompiled unity dll's ...
Register platform support module: C:/Program Files/Unity/Hub/Editor/2021.1.0f1/Editor/Data/PlaybackEngines/WindowsStandaloneSupport/UnityEditor.WindowsStandalone.Extensions.dll
Registered in 0.018496 seconds.
Native extension for WindowsStandalone target not found
Refreshing native plugins compatible for Editor in 183.47 ms, found 1 plugins.
Preloading 0 native plugins for Editor in 0.00 ms.
Mono: successfully reloaded assembly
- Completed reload, in  4.373 seconds
Platform modules already initialized, skipping
Registering precompiled user dll's ...
Registered in 0.070026 seconds.
Begin MonoManager ReloadAssembly
Native extension for WindowsStandalone target not found
Refreshing native plugins compatible for Editor in 0.76 ms, found 1 plugins.
Preloading 0 native plugins for Editor in 0.00 ms.
Mono: successfully reloaded assembly
- Completed reload, in  1.638 seconds
Platform modules already initialized, skipping
========================================================================
Worker process is ready to serve import requests
Launched and connected shader compiler UnityShaderCompiler.exe after 0.12 seconds
Refreshing native plugins compatible for Editor in 1.28 ms, found 1 plugins.
Preloading 0 native plugins for Editor in 0.00 ms.
Unloading 3006 Unused Serialized files (Serialized files now loaded: 0)
System memory in use before: 128.2 MB.
System memory in use after: 128.4 MB.

Unloading 38 unused Assets to reduce memory usage. Loaded Objects now: 3466.
Total: 4.604200 ms (FindLiveObjects: 0.536900 ms CreateObjectMapping: 0.370500 ms MarkObjects: 3.551400 ms  DeleteObjects: 0.142700 ms)

========================================================================
Received Import Request.
  path: Assets/Scripts/UI Script/PauseMenu.cs
  artifactKey: Guid(3d2d4c474bb04f240b10c73e03c6815a) Importer(815301076,1909f56bfc062723c751e8b465ee728b)
Start importing Assets/Scripts/UI Script/PauseMenu.cs using Guid(3d2d4c474bb04f240b10c73e03c6815a) Importer(815301076,1909f56bfc062723c751e8b465ee728b)  -> (artifact id: 'fb652574879abe2d8868952bf658142e') in 0.125828 seconds 
========================================================================
Received Import Request.
  Time since last request: 9.920491 seconds.
  path: Assets/Image/UI/Oxygen/Oxygen_Base_Gauge.png
  artifactKey: Guid(c7d337a1450d5194e883076dec74bd71) Importer(815301076,1909f56bfc062723c751e8b465ee728b)
Start importing Assets/Image/UI/Oxygen/Oxygen_Base_Gauge.png using Guid(c7d337a1450d5194e883076dec74bd71) Importer(815301076,1909f56bfc062723c751e8b465ee728b)  -> (artifact id: '177f3cf4d8a6a5b07392677206f342fe') in 0.106502 seconds 
========================================================================
Received Import Request.
  Time since last request: 97.228323 seconds.
  path: Assets/SkyBox/Skybox Cubemap Extended.mat
  artifactKey: Guid(d18fdab42ca37d54f8922a9fd5ade5a5) Importer(815301076,1909f56bfc062723c751e8b465ee728b)
Start importing Assets/SkyBox/Skybox Cubemap Extended.mat using Guid(d18fdab42ca37d54f8922a9fd5ade5a5) Importer(815301076,1909f56bfc062723c751e8b465ee728b)  -> (artifact id: '203c99f67a8d353aca059e680e9dcf09') in 0.153125 seconds 
========================================================================
Received Import Request.
  Time since last request: 0.000448 seconds.
  path: Assets/SkyBox/SkyBox_BlueSky.png
  artifactKey: Guid(985d195cf783398478680ec7072a12c7) Importer(815301076,1909f56bfc062723c751e8b465ee728b)
Start importing Assets/SkyBox/SkyBox_BlueSky.png using Guid(985d195cf783398478680ec7072a12c7) Importer(815301076,1909f56bfc062723c751e8b465ee728b)  -> (artifact id: '857783e163d060af52b076f6632b889c') in 0.050826 seconds 
========================================================================
Received Import Request.
  Time since last request: 281.084842 seconds.
  path: Assets/Item/Potion1.asset
  artifactKey: Guid(0c219694d46edd44a91ed3b356ebf1cd) Importer(815301076,1909f56bfc062723c751e8b465ee728b)
Start importing Assets/Item/Potion1.asset using Guid(0c219694d46edd44a91ed3b356ebf1cd) Importer(815301076,1909f56bfc062723c751e8b465ee728b)  -> (artifact id: '477fde61d420b6be250f6e82abf2ddba') in 0.027254 seconds 
========================================================================
Received Import Request.
  Time since last request: 0.521418 seconds.
  path: Assets/Materials/Blue.mat
  artifactKey: Guid(ff21ff0ea9b18924bb1fdfbb0e58f5cb) Importer(815301076,1909f56bfc062723c751e8b465ee728b)
Start importing Assets/Materials/Blue.mat using Guid(ff21ff0ea9b18924bb1fdfbb0e58f5cb) Importer(815301076,1909f56bfc062723c751e8b465ee728b)  -> (artifact id: '7b365d3e334c9b98bfb34b34da1fde6f') in 0.046072 seconds 
========================================================================
Received Import Request.
  Time since last request: 0.000449 seconds.
  path: Assets/Materials/TankColour.mat
  artifactKey: Guid(12c120f2400576c4f97a98bcca5529bc) Importer(815301076,1909f56bfc062723c751e8b465ee728b)
Start importing Assets/Materials/TankColour.mat using Guid(12c120f2400576c4f97a98bcca5529bc) Importer(815301076,1909f56bfc062723c751e8b465ee728b)  -> (artifact id: '33f4758cd94c6c7a02a33213710ff4af') in 0.045489 seconds 
========================================================================
Received Import Request.
  Time since last request: 0.000367 seconds.
  path: Assets/Materials/TankGrey.mat
  artifactKey: Guid(c4c5f95d06932564c8672b4bafeb1b28) Importer(815301076,1909f56bfc062723c751e8b465ee728b)
Start importing Assets/Materials/TankGrey.mat using Guid(c4c5f95d06932564c8672b4bafeb1b28) Importer(815301076,1909f56bfc062723c751e8b465ee728b)  -> (artifact id: '813d27d8975a7b2454fca39e79aeea81') in 0.031877 seconds 
========================================================================
Received Import Request.
  Time since last request: 0.000581 seconds.
  path: Assets/Materials/BuildingGlass.mat
  artifactKey: Guid(7e41e83d6bd224b4d99fa3ffa5e3a3a4) Importer(815301076,1909f56bfc062723c751e8b465ee728b)
Start importing Assets/Materials/BuildingGlass.mat using Guid(7e41e83d6bd224b4d99fa3ffa5e3a3a4) Importer(815301076,1909f56bfc062723c751e8b465ee728b)  -> (artifact id: '22d6e6ec0fcb5ad96a5c74dd43876143') in 0.031283 seconds 
========================================================================
Received Import Request.
  Time since last request: 0.000384 seconds.
  path: Assets/Materials/BuildingMetal.mat
  artifactKey: Guid(e7df269b1d6121e4787b2f27aab18dbe) Importer(815301076,1909f56bfc062723c751e8b465ee728b)
Start importing Assets/Materials/BuildingMetal.mat using Guid(e7df269b1d6121e4787b2f27aab18dbe) Importer(815301076,1909f56bfc062723c751e8b465ee728b)  -> (artifact id: '33f7e7eed3d06e1e70b25fbbd8fdb679') in 0.089207 seconds 
========================================================================
Received Import Request.
  Time since last request: 0.000338 seconds.
  path: Assets/Materials/YellowDark.mat
  artifactKey: Guid(4b4b25f923792ce4ab819907a4629058) Importer(815301076,1909f56bfc062723c751e8b465ee728b)
Start importing Assets/Materials/YellowDark.mat using Guid(4b4b25f923792ce4ab819907a4629058) Importer(815301076,1909f56bfc062723c751e8b465ee728b)  -> (artifact id: 'b281ff1356728385e66c4bb0c528a9ad') in 0.046196 seconds 
========================================================================
Received Import Request.
  Time since last request: 0.000947 seconds.
  path: Assets/Materials/TankLights.mat
  artifactKey: Guid(574c4e070e5dd0a40a02b979f582a836) Importer(815301076,1909f56bfc062723c751e8b465ee728b)
Start importing Assets/Materials/TankLights.mat using Guid(574c4e070e5dd0a40a02b979f582a836) Importer(815301076,1909f56bfc062723c751e8b465ee728b)  -> (artifact id: '6e1a1bb687909fbfbe8eaff062dc124a') in 0.044210 seconds 
========================================================================
Received Import Request.
  Time since last request: 0.000355 seconds.
  path: Assets/Materials/Dust.mat
  artifactKey: Guid(424be3af6ad117140887d3e652a89d24) Importer(815301076,1909f56bfc062723c751e8b465ee728b)
Start importing Assets/Materials/Dust.mat using Guid(424be3af6ad117140887d3e652a89d24) Importer(815301076,1909f56bfc062723c751e8b465ee728b)  -> (artifact id: '0e7d823321a0879f18f71e701b5ce12c') in 0.101713 seconds 
========================================================================
Received Import Request.
  Time since last request: 0.000371 seconds.
  path: Assets/Materials/Red.mat
  artifactKey: Guid(463052f3f7389124f9e7b34b0b931d0d) Importer(815301076,1909f56bfc062723c751e8b465ee728b)
Start importing Assets/Materials/Red.mat using Guid(463052f3f7389124f9e7b34b0b931d0d) Importer(815301076,1909f56bfc062723c751e8b465ee728b)  -> (artifact id: '716af47e29f0e1ba3f013d65d113edf9') in 0.054641 seconds 
========================================================================
Received Import Request.
  Time since last request: 0.000390 seconds.
  path: Assets/Materials/White.mat
  artifactKey: Guid(c0d660c0333c4224098a02ecd84d6232) Importer(815301076,1909f56bfc062723c751e8b465ee728b)
Start importing Assets/Materials/White.mat using Guid(c0d660c0333c4224098a02ecd84d6232) Importer(815301076,1909f56bfc062723c751e8b465ee728b)  -> (artifact id: '80e9152560ac4be18bbd11f27e6c12e8') in 0.057984 seconds 
========================================================================
Received Import Request.
  Time since last request: 0.000402 seconds.
  path: Assets/Martian surface - rocky area/New Terrain.asset
  artifactKey: Guid(eba58b049f23c5f42ae98ea03f46aad6) Importer(815301076,1909f56bfc062723c751e8b465ee728b)
Start importing Assets/Martian surface - rocky area/New Terrain.asset using Guid(eba58b049f23c5f42ae98ea03f46aad6) Importer(815301076,1909f56bfc062723c751e8b465ee728b)  -> (artifact id: '3566753f8876715fef9d1e7ad57326b9') in 1.120222 seconds 
========================================================================
Received Import Request.
  Time since last request: 0.000385 seconds.
  path: Assets/Materials/space-background_97886-3792.jpg
  artifactKey: Guid(5f1189e6dfc40fb408355a3714df4138) Importer(815301076,1909f56bfc062723c751e8b465ee728b)
Start importing Assets/Materials/space-background_97886-3792.jpg using Guid(5f1189e6dfc40fb408355a3714df4138) Importer(815301076,1909f56bfc062723c751e8b465ee728b)  -> (artifact id: '7fae9e780ea81078505d215e64dea34f') in 0.065425 seconds 
========================================================================
Received Import Request.
  Time since last request: 0.000371 seconds.
  path: Assets/Materials/Stone Ground 1.png
  artifactKey: Guid(c87ac051d2095fa4a996f2af5b734e80) Importer(815301076,1909f56bfc062723c751e8b465ee728b)
Start importing Assets/Materials/Stone Ground 1.png using Guid(c87ac051d2095fa4a996f2af5b734e80) Importer(815301076,1909f56bfc062723c751e8b465ee728b)  -> (artifact id: '4a200001dd90756e3453deaa5c6c28b9') in 0.047989 seconds 
========================================================================
Received Import Request.
  Time since last request: 0.000326 seconds.
  path: Assets/Materials/Grey.mat
  artifactKey: Guid(db9ceca9e86a2724aaa5c3df2991dba7) Importer(815301076,1909f56bfc062723c751e8b465ee728b)
Start importing Assets/Materials/Grey.mat using Guid(db9ceca9e86a2724aaa5c3df2991dba7) Importer(815301076,1909f56bfc062723c751e8b465ee728b)  -> (artifact id: '48fffbd376b8cd725bcd4b261dbfe4ae') in 0.045943 seconds 
========================================================================
Received Import Request.
  Time since last request: 0.000332 seconds.
  path: Assets/Materials/BuildingStone.mat
  artifactKey: Guid(03ad6a4c3c0e64440b1d6cee74fc2a4f) Importer(815301076,1909f56bfc062723c751e8b465ee728b)
Start importing Assets/Materials/BuildingStone.mat using Guid(03ad6a4c3c0e64440b1d6cee74fc2a4f) Importer(815301076,1909f56bfc062723c751e8b465ee728b)  -> (artifact id: 'e6ec6a72df1d9c61823edb87baf19a3a') in 0.044573 seconds 
========================================================================
Received Import Request.
  Time since last request: 0.000331 seconds.
  path: Assets/Materials/Smoke.mat
  artifactKey: Guid(d391697c7deb3a0459e0cdc4774e1631) Importer(815301076,1909f56bfc062723c751e8b465ee728b)
Start importing Assets/Materials/Smoke.mat using Guid(d391697c7deb3a0459e0cdc4774e1631) Importer(815301076,1909f56bfc062723c751e8b465ee728b)  -> (artifact id: '73c2213d403153026b0157e15afa513e') in 0.044743 seconds 
========================================================================
Received Import Request.
  Time since last request: 0.000345 seconds.
  path: Assets/Materials/Gold.mat
  artifactKey: Guid(6221f2fbc7212d94cb9c069ee262d824) Importer(815301076,1909f56bfc062723c751e8b465ee728b)
Start importing Assets/Materials/Gold.mat using Guid(6221f2fbc7212d94cb9c069ee262d824) Importer(815301076,1909f56bfc062723c751e8b465ee728b)  -> (artifact id: '1bc21fccfb8351da03e800b8c9021c28') in 0.055930 seconds 
========================================================================
Received Import Request.
  Time since last request: 0.000360 seconds.
  path: Assets/Martian surface - rocky area/space-background_97886-3792.jpg
  artifactKey: Guid(420cc7a83c9786c448cc5d6d43260fd1) Importer(815301076,1909f56bfc062723c751e8b465ee728b)
Start importing Assets/Martian surface - rocky area/space-background_97886-3792.jpg using Guid(420cc7a83c9786c448cc5d6d43260fd1) Importer(815301076,1909f56bfc062723c751e8b465ee728b)  -> (artifact id: '8289591ff1612c6a5d68d27a5b7e7917') in 0.039268 seconds 
========================================================================
Received Import Request.
  Time since last request: 475.553410 seconds.
  path: Assets/Models/Materials/YellowDark.mat
  artifactKey: Guid(74505a8d2ab15444bae80602dc1ed121) Importer(815301076,1909f56bfc062723c751e8b465ee728b)
Start importing Assets/Models/Materials/YellowDark.mat using Guid(74505a8d2ab15444bae80602dc1ed121) Importer(815301076,1909f56bfc062723c751e8b465ee728b)  -> (artifact id: 'c096b0a30e44d1cc4ac2f67307e4d22b') in 0.039296 seconds 
AssetImportWorkerClient::OnTransportError - code=2 error=End of file
