Using pre-set license
Built from '2021.1/release' branch; Version is '2021.1.0f1 (61a549675243) revision 6399305'; Using compiler version '192528614'; Build Type 'Release'
OS: 'Windows 10 Home; OS build 19042.985; Version 2009; 64bit' Language: 'ko' Physical Memory: 8051 MB
BatchMode: 1, IsHumanControllingUs: 0, StartBugReporterOnCrash: 0, Is64bit: 1, IsPro: 0

 COMMAND LINE ARGUMENTS:
C:\Program Files\Unity\Hub\Editor\2021.1.0f1\Editor\Unity.exe
-adb2
-batchMode
-noUpm
-name
AssetImportWorker4
-projectPath
C:/Users/rladp/OneDrive/바탕 화면/Survival
-logFile
Logs/AssetImportWorker4.log
-srvPort
59156
Successfully changed project path to: C:/Users/rladp/OneDrive/바탕 화면/Survival
C:/Users/rladp/OneDrive/바탕 화면/Survival
Using Asset Import Pipeline V2.
Refreshing native plugins compatible for Editor in 280.56 ms, found 1 plugins.
Preloading 0 native plugins for Editor in 0.00 ms.
Initialize engine version: 2021.1.0f1 (61a549675243)
[Subsystems] Discovering subsystems at path C:/Program Files/Unity/Hub/Editor/2021.1.0f1/Editor/Data/Resources/UnitySubsystems
[Subsystems] Discovering subsystems at path C:/Users/rladp/OneDrive/바탕 화면/Survival/Assets
GfxDevice: creating device client; threaded=0; jobified=0
Direct3D:
    Version:  Direct3D 11.0 [level 11.1]
    Renderer: Intel(R) HD Graphics 620 (ID=0x5916)
    Vendor:   Intel
    VRAM:     4025 MB
    Driver:   23.20.16.4849
Initialize mono
Mono path[0] = 'C:/Program Files/Unity/Hub/Editor/2021.1.0f1/Editor/Data/Managed'
Mono path[1] = 'C:/Program Files/Unity/Hub/Editor/2021.1.0f1/Editor/Data/MonoBleedingEdge/lib/mono/unityjit'
Mono config path = 'C:/Program Files/Unity/Hub/Editor/2021.1.0f1/Editor/Data/MonoBleedingEdge/etc'
Using monoOptions --debugger-agent=transport=dt_socket,embedding=1,server=y,suspend=n,address=127.0.0.1:56384
Begin MonoManager ReloadAssembly
Registering precompiled unity dll's ...
Register platform support module: C:/Program Files/Unity/Hub/Editor/2021.1.0f1/Editor/Data/PlaybackEngines/WindowsStandaloneSupport/UnityEditor.WindowsStandalone.Extensions.dll
Registered in 0.015824 seconds.
Native extension for WindowsStandalone target not found
Refreshing native plugins compatible for Editor in 192.97 ms, found 1 plugins.
Preloading 0 native plugins for Editor in 0.00 ms.
Mono: successfully reloaded assembly
- Completed reload, in  4.086 seconds
Platform modules already initialized, skipping
Registering precompiled user dll's ...
Registered in 0.027772 seconds.
Begin MonoManager ReloadAssembly
Native extension for WindowsStandalone target not found
Refreshing native plugins compatible for Editor in 1.48 ms, found 1 plugins.
Preloading 0 native plugins for Editor in 0.00 ms.
Mono: successfully reloaded assembly
- Completed reload, in 13.932 seconds
Platform modules already initialized, skipping
========================================================================
Worker process is ready to serve import requests
Launched and connected shader compiler UnityShaderCompiler.exe after 0.17 seconds
Refreshing native plugins compatible for Editor in 1.71 ms, found 1 plugins.
Preloading 0 native plugins for Editor in 0.00 ms.
Unloading 3005 Unused Serialized files (Serialized files now loaded: 0)
System memory in use before: 128.0 MB.
System memory in use after: 128.2 MB.

Unloading 38 unused Assets to reduce memory usage. Loaded Objects now: 3465.
Total: 5.733400 ms (FindLiveObjects: 0.574500 ms CreateObjectMapping: 0.521800 ms MarkObjects: 4.450300 ms  DeleteObjects: 0.183600 ms)

========================================================================
Received Import Request.
  path: Assets/Materials/BuildingWhite.mat
  artifactKey: Guid(d0c31a39c426da94496d2abbf928d525) Importer(815301076,1909f56bfc062723c751e8b465ee728b)
Start importing Assets/Materials/BuildingWhite.mat using Guid(d0c31a39c426da94496d2abbf928d525) Importer(815301076,1909f56bfc062723c751e8b465ee728b)  -> (artifact id: '660ccd09d8963cbe3da6927b049eb329') in 0.711260 seconds 
========================================================================
Received Import Request.
  Time since last request: 0.000561 seconds.
  path: Assets/Materials/Green.mat
  artifactKey: Guid(c39933e60e73205419d1f79a2af1fdac) Importer(815301076,1909f56bfc062723c751e8b465ee728b)
Start importing Assets/Materials/Green.mat using Guid(c39933e60e73205419d1f79a2af1fdac) Importer(815301076,1909f56bfc062723c751e8b465ee728b)  -> (artifact id: 'ce515248be7b997fba5cdde93c45c7ea') in 0.121770 seconds 
========================================================================
Received Import Request.
  Time since last request: 0.072131 seconds.
  path: Assets/Spaceship
  artifactKey: Guid(b52c52cf4e81b5f4e9e5eda8da86089b) Importer(815301076,1909f56bfc062723c751e8b465ee728b)
Start importing Assets/Spaceship using Guid(b52c52cf4e81b5f4e9e5eda8da86089b) Importer(815301076,1909f56bfc062723c751e8b465ee728b)  -> (artifact id: '25f106f74cef18e54a4f055a39de6d37') in 0.015995 seconds 
========================================================================
Received Import Request.
  Time since last request: 0.000516 seconds.
  path: Assets/Materials/OilDrums.mat
  artifactKey: Guid(b3a1f2f69b4c3a84cba5446e31e87c20) Importer(815301076,1909f56bfc062723c751e8b465ee728b)
Start importing Assets/Materials/OilDrums.mat using Guid(b3a1f2f69b4c3a84cba5446e31e87c20) Importer(815301076,1909f56bfc062723c751e8b465ee728b)  -> (artifact id: 'bd062c76cbdb3f88b7b98e7eca738aeb') in 0.352391 seconds 
========================================================================
Received Import Request.
  Time since last request: 0.005092 seconds.
  path: Assets/Materials/mars.mat
  artifactKey: Guid(14823c4f1d0a79640ae793f1f4ee1f0e) Importer(815301076,1909f56bfc062723c751e8b465ee728b)
Start importing Assets/Materials/mars.mat using Guid(14823c4f1d0a79640ae793f1f4ee1f0e) Importer(815301076,1909f56bfc062723c751e8b465ee728b)  -> (artifact id: '074148fd3e17ffadfc57def7bba10067') in 1.683354 seconds 
========================================================================
Received Import Request.
  Time since last request: 2.920327 seconds.
  path: Assets/Spaceship/Texture
  artifactKey: Guid(78fc002b9ae9a874597c1f6b51523fa7) Importer(815301076,1909f56bfc062723c751e8b465ee728b)
Start importing Assets/Spaceship/Texture using Guid(78fc002b9ae9a874597c1f6b51523fa7) Importer(815301076,1909f56bfc062723c751e8b465ee728b)  -> (artifact id: 'a14718220cfeccfd4e119542602ca671') in 0.146668 seconds 
========================================================================
Received Import Request.
  Time since last request: 2.528551 seconds.
  path: Assets/nave/3D
  artifactKey: Guid(a7b2f0c909108d045ac25f3f94710eb0) Importer(815301076,1909f56bfc062723c751e8b465ee728b)
Start importing Assets/nave/3D using Guid(a7b2f0c909108d045ac25f3f94710eb0) Importer(815301076,1909f56bfc062723c751e8b465ee728b)  -> (artifact id: 'ebf8f79fec48d478e800e1e6b7f07ba4') in 0.016520 seconds 
========================================================================
Received Import Request.
  Time since last request: 0.000511 seconds.
  path: Assets/nave/3D/nave.FBX
  artifactKey: Guid(b10dbf1081a91c54d948bfca5f9038ce) Importer(815301076,1909f56bfc062723c751e8b465ee728b)
Start importing Assets/nave/3D/nave.FBX using Guid(b10dbf1081a91c54d948bfca5f9038ce) Importer(815301076,1909f56bfc062723c751e8b465ee728b)  -> (artifact id: 'f68223bb82b59dbc3864a2b75a4833da') in 3.933028 seconds 
========================================================================
Received Import Request.
  Time since last request: 103.152926 seconds.
  path: Assets/Tree_Textures/shadow.png
  artifactKey: Guid(703480036a63b0d4998607ff05c37770) Importer(815301076,1909f56bfc062723c751e8b465ee728b)
Start importing Assets/Tree_Textures/shadow.png using Guid(703480036a63b0d4998607ff05c37770) Importer(815301076,1909f56bfc062723c751e8b465ee728b)  -> (artifact id: '6edcaf3adb7f1b15cb008a46c036ac24') in 0.124399 seconds 
========================================================================
Received Import Request.
  Time since last request: 0.008594 seconds.
  path: Assets/Tree_Textures/translucency_gloss.png
  artifactKey: Guid(c7f957761f1d5534686d8e3ce8a0ae2b) Importer(815301076,1909f56bfc062723c751e8b465ee728b)
Start importing Assets/Tree_Textures/translucency_gloss.png using Guid(c7f957761f1d5534686d8e3ce8a0ae2b) Importer(815301076,1909f56bfc062723c751e8b465ee728b)  -> (artifact id: '9478aa20fab58a2f9558325a50bc7f94') in 0.094967 seconds 
========================================================================
Received Import Request.
  Time since last request: 2.119739 seconds.
  path: Assets/Textures/Dark_Green_Texture.png
  artifactKey: Guid(9a612964ff8673c448cbdb2adf690946) Importer(815301076,1909f56bfc062723c751e8b465ee728b)
Start importing Assets/Textures/Dark_Green_Texture.png using Guid(9a612964ff8673c448cbdb2adf690946) Importer(815301076,1909f56bfc062723c751e8b465ee728b)  -> (artifact id: '0be67ba68dea262fc5d1e72746d0e439') in 0.309916 seconds 
========================================================================
Received Import Request.
  Time since last request: 0.000474 seconds.
  path: Assets/Textures/Wood.png
  artifactKey: Guid(47bc248330816b7429fd02e77a42c8bc) Importer(815301076,1909f56bfc062723c751e8b465ee728b)
Start importing Assets/Textures/Wood.png using Guid(47bc248330816b7429fd02e77a42c8bc) Importer(815301076,1909f56bfc062723c751e8b465ee728b)  -> (artifact id: 'f94eda73fb92dc7798f530a3daa486d6') in 0.082383 seconds 
========================================================================
Received Import Request.
  Time since last request: 0.012515 seconds.
  path: Assets/Textures/Sand_Texture.png
  artifactKey: Guid(40ff08321736bca4d9b3acd7477b80ef) Importer(815301076,1909f56bfc062723c751e8b465ee728b)
Start importing Assets/Textures/Sand_Texture.png using Guid(40ff08321736bca4d9b3acd7477b80ef) Importer(815301076,1909f56bfc062723c751e8b465ee728b)  -> (artifact id: '54366cb4c0b0aa6d4fcd7473480d197c') in 0.561493 seconds 
========================================================================
Received Import Request.
  Time since last request: 0.087851 seconds.
  path: Assets/Textures/Wet_Sand_Texture.png
  artifactKey: Guid(a151270d453eba747a2f2f43ef3206b8) Importer(815301076,1909f56bfc062723c751e8b465ee728b)
Start importing Assets/Textures/Wet_Sand_Texture.png using Guid(a151270d453eba747a2f2f43ef3206b8) Importer(815301076,1909f56bfc062723c751e8b465ee728b)  -> (artifact id: 'b0c048cd333404c28ca30c8f016acdc7') in 0.198524 seconds 
AssetImportWorkerClient::OnTransportError - code=2 error=End of file
